2025-12-19 06:59:46.555 [com.yhm.smtp.SmtpServerMain.main()] ERROR com.yhm.smtp.SmtpServerMain - 启动服务器失败: Address already in use
java.net.BindException: Address already in use
	at java.base/sun.nio.ch.Net.bind0(Native Method)
	at java.base/sun.nio.ch.Net.bind(Net.java:522)
	at java.base/sun.nio.ch.Net.bind(Net.java:511)
	at java.base/sun.nio.ch.NioSocketImpl.bind(NioSocketImpl.java:641)
	at java.base/java.net.ServerSocket.bind(ServerSocket.java:326)
	at java.base/java.net.ServerSocket.<init>(ServerSocket.java:222)
	at java.base/java.net.ServerSocket.<init>(ServerSocket.java:138)
	at com.yhm.smtp.server.SmtpServer.start(SmtpServer.java:65)
	at com.yhm.smtp.SmtpServerMain.startServer(SmtpServerMain.java:56)
	at com.yhm.smtp.SmtpServerMain.lambda$0(SmtpServerMain.java:41)
	at java.base/jdk.internal.vm.ScopedValueContainer.runWithoutScope(ScopedValueContainer.java:112)
	at java.base/jdk.internal.vm.ScopedValueContainer.run(ScopedValueContainer.java:98)
	at java.base/java.lang.ScopedValue$Carrier.run(ScopedValue.java:466)
	at com.yhm.smtp.SmtpServerMain.main(SmtpServerMain.java:40)
	at java.base/jdk.internal.reflect.DirectMethodHandleAccessor.invoke(DirectMethodHandleAccessor.java:104)
	at java.base/java.lang.reflect.Method.invoke(Method.java:565)
	at org.codehaus.mojo.exec.AbstractExecJavaBase.executeMainMethod(AbstractExecJavaBase.java:402)
	at org.codehaus.mojo.exec.ExecJavaMojo.executeMainMethod(ExecJavaMojo.java:142)
	at org.codehaus.mojo.exec.AbstractExecJavaBase.doExecClassLoader(AbstractExecJavaBase.java:377)
	at org.codehaus.mojo.exec.AbstractExecJavaBase.lambda$execute$0(AbstractExecJavaBase.java:287)
	at java.base/java.lang.Thread.run(Thread.java:1474)
